[    0.000000] Linux version 4.15.0-161-generic (buildd@lcy01-amd64-012) (gcc version 7.5.0 (Ubuntu 7.5.0-3ubuntu1~18.04)) #169-Ubuntu SMP Fri Oct 15 13:41:54 UTC 2021 (Ubuntu 4.15.0-161.169-generic 4.15.18)
[    0.000000] Command line: BOOT_IMAGE=/boot/vmlinuz-4.15.0-161-generic root=LABEL=cloudimg-rootfs ro console=tty1 console=ttyS0
[    0.000000] KERNEL supported cpus:
[    0.000000]   Intel GenuineIntel
[    0.000000]   AMD AuthenticAMD
[    0.000000]   Centaur CentaurHauls
[    0.000000] [Firmware Bug]: TSC doesn't count with P0 frequency!
[    0.000000] x86/fpu: x87 FPU will use FXSAVE
[    0.000000] e820: BIOS-provided physical RAM map:
[    0.000000] BIOS-e820: [mem 0x0000000000000000-0x000000000009fbff] usable
[    0.000000] BIOS-e820: [mem 0x000000000009fc00-0x000000000009ffff] reserved
[    0.000000] BIOS-e820: [mem 0x00000000000f0000-0x00000000000fffff] reserved
[    0.000000] BIOS-e820: [mem 0x0000000000100000-0x000000003ffeffff] usable
[    0.000000] BIOS-e820: [mem 0x000000003fff0000-0x000000003fffffff] ACPI data
[    0.000000] BIOS-e820: [mem 0x00000000fec00000-0x00000000fec00fff] reserved
[    0.000000] BIOS-e820: [mem 0x00000000fee00000-0x00000000fee00fff] reserved
[    0.000000] BIOS-e820: [mem 0x00000000fffc0000-0x00000000ffffffff] reserved
[    0.000000] NX (Execute Disable) protection: active
[    0.000000] SMBIOS 2.5 present.
[    0.000000] DMI: innotek GmbH VirtualBox/VirtualBox, BIOS VirtualBox 12/01/2006
[    0.000000] Hypervisor detected: KVM
[    0.000000] AGP: No AGP bridge found
[    0.000000] e820: last_pfn = 0x3fff0 max_arch_pfn = 0x400000000
[    0.000000] MTRR: Disabled
[    0.000000] x86/PAT: MTRRs disabled, skipping PAT initialization too.
[    0.000000] CPU MTRRs all blank - virtualized system.
[    0.000000] x86/PAT: Configuration [0-7]: WB  WT  UC- UC  WB  WT  UC- UC  
[    0.000000] found SMP MP-table at [mem 0x0009fff0-0x0009ffff]
[    0.000000] Scanning 1 areas for low memory corruption
[    0.000000] RAMDISK: [mem 0x359cd000-0x36cddfff]
[    0.000000] ACPI: Early table checksum verification disabled
[    0.000000] ACPI: RSDP 0x00000000000E0000 000024 (v02 VBOX  )
[    0.000000] ACPI: XSDT 0x000000003FFF0030 00003C (v01 VBOX   VBOXXSDT 00000001 ASL  00000061)
[    0.000000] ACPI: FACP 0x000000003FFF00F0 0000F4 (v04 VBOX   VBOXFACP 00000001 ASL  00000061)
[    0.000000] ACPI: DSDT 0x000000003FFF0470 002325 (v02 VBOX   VBOXBIOS 00000002 INTL 20100528)
[    0.000000] ACPI: FACS 0x000000003FFF0200 000040
[    0.000000] ACPI: FACS 0x000000003FFF0200 000040
[    0.000000] ACPI: APIC 0x000000003FFF0240 00005C (v02 VBOX   VBOXAPIC 00000001 ASL  00000061)
[    0.000000] ACPI: SSDT 0x000000003FFF02A0 0001CC (v01 VBOX   VBOXCPUT 00000002 INTL 20100528)
[    0.000000] ACPI: Reserving FACP table memory at [mem 0x3fff00f0-0x3fff01e3]
[    0.000000] ACPI: Reserving DSDT table memory at [mem 0x3fff0470-0x3fff2794]
[    0.000000] ACPI: Reserving FACS table memory at [mem 0x3fff0200-0x3fff023f]
[    0.000000] ACPI: Reserving FACS table memory at [mem 0x3fff0200-0x3fff023f]
[    0.000000] ACPI: Reserving APIC table memory at [mem 0x3fff0240-0x3fff029b]
[    0.000000] ACPI: Reserving SSDT table memory at [mem 0x3fff02a0-0x3fff046b]
[    0.000000] No NUMA configuration found
[    0.000000] Faking a node at [mem 0x0000000000000000-0x000000003ffeffff]
[    0.000000] NODE_DATA(0) allocated [mem 0x3ffc5000-0x3ffeffff]
[    0.000000] kvm-clock: cpu 0, msr 0:3ff44001, primary cpu clock
[    0.000000] kvm-clock: Using msrs 4b564d01 and 4b564d00
[    0.000000] kvm-clock: using sched offset of 4865779893 cycles
[    0.000000] clocksource: kvm-clock: mask: 0xffffffffffffffff max_cycles: 0x1cd42e4dffb, max_idle_ns: 881590591483 ns
[    0.000000] Zone ranges:
[    0.000000]   DMA      [mem 0x0000000000001000-0x0000000000ffffff]
[    0.000000]   DMA32    [mem 0x0000000001000000-0x000000003ffeffff]
[    0.000000]   Normal   empty
[    0.000000]   Device   empty
[    0.000000] Movable zone start for each node
[    0.000000] Early memory node ranges
[    0.000000]   node   0: [mem 0x0000000000001000-0x000000000009efff]
[    0.000000]   node   0: [mem 0x0000000000100000-0x000000003ffeffff]
[    0.000000] Reserved but unavailable: 104 pages
[    0.000000] Initmem setup node 0 [mem 0x0000000000001000-0x000000003ffeffff]
[    0.000000] ACPI: PM-Timer IO Port: 0x4008
[    0.000000] IOAPIC[0]: apic_id 2, version 32, address 0xfec00000, GSI 0-23
[    0.000000] ACPI: INT_SRC_OVR (bus 0 bus_irq 0 global_irq 2 dfl dfl)
[    0.000000] ACPI: INT_SRC_OVR (bus 0 bus_irq 9 global_irq 9 low level)
[    0.000000] Using ACPI (MADT) for SMP configuration information
[    0.000000] smpboot: Allowing 2 CPUs, 0 hotplug CPUs
[    0.000000] PM: Registered nosave memory: [mem 0x00000000-0x00000fff]
[    0.000000] PM: Registered nosave memory: [mem 0x0009f000-0x0009ffff]
[    0.000000] PM: Registered nosave memory: [mem 0x000a0000-0x000effff]
[    0.000000] PM: Registered nosave memory: [mem 0x000f0000-0x000fffff]
[    0.000000] e820: [mem 0x40000000-0xfebfffff] available for PCI devices
[    0.000000] Booting paravirtualized kernel on KVM
[    0.000000] clocksource: refined-jiffies: mask: 0xffffffff max_cycles: 0xffffffff, max_idle_ns: 7645519600211568 ns
[    0.000000] random: get_random_bytes called from start_kernel+0x99/0x500 with crng_init=0
[    0.000000] setup_percpu: NR_CPUS:8192 nr_cpumask_bits:2 nr_cpu_ids:2 nr_node_ids:1
[    0.000000] percpu: Embedded 45 pages/cpu s147456 r8192 d28672 u1048576
[    0.000000] PV qspinlock hash table entries: 256 (order: 0, 4096 bytes)
[    0.000000] Built 1 zonelists, mobility grouping on.  Total pages: 257913
[    0.000000] Policy zone: DMA32
[    0.000000] Kernel command line: BOOT_IMAGE=/boot/vmlinuz-4.15.0-161-generic root=LABEL=cloudimg-rootfs ro console=tty1 console=ttyS0
[    0.000000] AGP: Checking aperture...
[    0.000000] AGP: No AGP bridge found
[    0.000000] Memory: 982712K/1048120K available (12300K kernel code, 2483K rwdata, 4320K rodata, 2448K init, 2724K bss, 65408K reserved, 0K cma-reserved)
[    0.000000] SLUB: HWalign=64, Order=0-3, MinObjects=0, CPUs=2, Nodes=1
[    0.000000] ftrace: allocating 39475 entries in 155 pages
[    0.004000] Hierarchical RCU implementation.
[    0.004000] 	RCU restricting CPUs from NR_CPUS=8192 to nr_cpu_ids=2.
[    0.004000] 	Tasks RCU enabled.
[    0.004000] RCU: Adjusting geometry for rcu_fanout_leaf=16, nr_cpu_ids=2
[    0.004000] NR_IRQS: 524544, nr_irqs: 440, preallocated irqs: 16
[    0.004000] Console: colour VGA+ 80x25
[    0.004000] console [tty1] enabled
[    0.004000] console [ttyS0] enabled
[    0.004000] ACPI: Core revision 20170831
[    0.004000] ACPI: 2 ACPI AML tables successfully acquired and loaded
[    0.004000] APIC: Switch to symmetric I/O mode setup
[    0.004000] x2apic enabled
[    0.004000] Switched APIC routing to physical x2apic.
[    0.004000] ..TIMER: vector=0x30 apic1=0 pin1=2 apic2=-1 pin2=-1
[    0.004009] tsc: Detected 2194.508 MHz processor
[    0.008033] Calibrating delay loop (skipped) preset value.. 4389.01 BogoMIPS (lpj=8778032)
[    0.012014] pid_max: default: 32768 minimum: 301
[    0.013861] Security Framework initialized
[    0.015366] Yama: becoming mindful.
[    0.016048] AppArmor: AppArmor initialized
[    0.020193] Dentry cache hash table entries: 131072 (order: 8, 1048576 bytes)
[    0.024267] Inode-cache hash table entries: 65536 (order: 7, 524288 bytes)
[    0.028045] Mount-cache hash table entries: 2048 (order: 2, 16384 bytes)
[    0.030498] Mountpoint-cache hash table entries: 2048 (order: 2, 16384 bytes)
[    0.032434] process: using AMD E400 aware idle routine
[    0.036026] Last level iTLB entries: 4KB 512, 2MB 16, 4MB 8
[    0.038193] Last level dTLB entries: 4KB 512, 2MB 128, 4MB 64, 1GB 0
[    0.040014] Spectre V1 : Mitigation: usercopy/swapgs barriers and __user pointer sanitization
[    0.044005] Spectre V2 : Spectre mitigation: LFENCE not serializing, switching to generic retpoline
[    0.048013] Spectre V2 : Mitigation: Full generic retpoline
[    0.050027] Spectre V2 : Spectre v2 / SpectreRSB mitigation: Filling RSB on context switch
[    0.052243] Freeing SMP alternatives memory: 36K
[    0.170433] APIC calibration not consistent with PM-Timer: 103ms instead of 100ms
[    0.172000] APIC delta adjusted to PM-Timer: 6301571 (6531098)
[    0.172134] smpboot: CPU0: AMD Athlon(tm) II P340 Dual-Core Processor (family: 0x10, model: 0x6, stepping: 0x3)
[    0.176182] Performance Events: PMU not available due to virtualization, using software events only.
[    0.180188] Hierarchical SRCU implementation.
[    0.184685] NMI watchdog: Perf event create on CPU 0 failed with -2
[    0.188022] NMI watchdog: Perf NMI watchdog permanently disabled
[    0.190419] smp: Bringing up secondary CPUs ...
[    0.192192] x86: Booting SMP configuration:
[    0.194004] .... node  #0, CPUs:      #1
[    0.004000] kvm-clock: cpu 1, msr 0:3ff44041, secondary cpu clock
[    0.207307] smp: Brought up 1 node, 2 CPUs
[    0.208019] smpboot: Max logical packages: 1
[    0.209547] smpboot: Total of 2 processors activated (8778.03 BogoMIPS)
[    0.212338] devtmpfs: initialized
[    0.213373] x86/mm: Memory block size: 128MB
[    0.216264] evm: security.selinux
[    0.217543] evm: security.SMACK64
[    0.217543] evm: security.SMACK64EXEC
[    0.217543] evm: security.SMACK64TRANSMUTE
[    0.218883] evm: security.SMACK64MMAP
[    0.220009] evm: security.apparmor
[    0.221330] evm: security.ima
[    0.222384] evm: security.capability
[    0.228176] clocksource: jiffies: mask: 0xffffffff max_cycles: 0xffffffff, max_idle_ns: 7645041785100000 ns
[    0.231376] futex hash table entries: 512 (order: 3, 32768 bytes)
[    0.232082] pinctrl core: initialized pinctrl subsystem
[    0.234166] RTC time: 17:32:31, date: 11/03/21
[    0.236410] NET: Registered protocol family 16
[    0.238351] audit: initializing netlink subsys (disabled)
[    0.244115] audit: type=2000 audit(1635960757.206:1): state=initialized audit_enabled=0 res=1
[    0.247246] cpuidle: using governor ladder
[    0.248108] cpuidle: using governor menu
[    0.250265] ACPI: bus type PCI registered
[    0.252013] acpiphp: ACPI Hot Plug PCI Controller Driver version: 0.5
[    0.254571] PCI: Using configuration type 1 for base access
[    0.256015] PCI: Using configuration type 1 for extended access
[    0.260700] HugeTLB registered 2.00 MiB page size, pre-allocated 0 pages
[    0.264281] ACPI: Added _OSI(Module Device)
[    0.265980] ACPI: Added _OSI(Processor Device)
[    0.268009] ACPI: Added _OSI(3.0 _SCP Extensions)
[    0.269646] ACPI: Added _OSI(Processor Aggregator Device)
[    0.272007] ACPI: Added _OSI(Linux-Dell-Video)
[    0.273518] ACPI: Added _OSI(Linux-Lenovo-NV-HDMI-Audio)
[    0.273518] ACPI: Added _OSI(Linux-HPI-Hybrid-Graphics)
[    0.274443] ACPI: Executed 1 blocks of module-level executable AML code
[    0.283208] ACPI: Interpreter enabled
[    0.284033] ACPI: (supports S0 S5)
[    0.285429] ACPI: Using IOAPIC for interrupt routing
[    0.288412] PCI: Using host bridge windows from ACPI; if necessary, use "pci=nocrs" and report a bug
[    0.291849] ACPI: Enabled 2 GPEs in block 00 to 07
[    0.302549] ACPI: PCI Root Bridge [PCI0] (domain 0000 [bus 00-ff])
[    0.308041] acpi PNP0A03:00: _OSC: OS supports [ExtendedConfig ASPM ClockPM Segments MSI]
[    0.313706] acpi PNP0A03:00: _OSC: platform does not support [PCIeCapability]
[    0.316053] acpi PNP0A03:00: _OSC: not requesting control; platform does not support [PCIeCapability]
[    0.319575] acpi PNP0A03:00: _OSC: OS requested [PCIeHotplug PME AER PCIeCapability]
[    0.324021] acpi PNP0A03:00: _OSC: platform willing to grant [PCIeHotplug PME AER]
[    0.328016] acpi PNP0A03:00: _OSC failed (AE_SUPPORT); disabling ASPM
[    0.332061] PCI host bridge to bus 0000:00
[    0.333910] pci_bus 0000:00: root bus resource [io  0x0000-0x0cf7 window]
[    0.340016] pci_bus 0000:00: root bus resource [io  0x0d00-0xffff window]
[    0.342306] pci_bus 0000:00: root bus resource [mem 0x000a0000-0x000bffff window]
[    0.344024] pci_bus 0000:00: root bus resource [mem 0x40000000-0xfdffffff window]
[    0.348018] pci_bus 0000:00: root bus resource [bus 00-ff]
[    0.354029] pci 0000:00:01.1: legacy IDE quirk: reg 0x10: [io  0x01f0-0x01f7]
[    0.360019] pci 0000:00:01.1: legacy IDE quirk: reg 0x14: [io  0x03f6]
[    0.362321] pci 0000:00:01.1: legacy IDE quirk: reg 0x18: [io  0x0170-0x0177]
[    0.364014] pci 0000:00:01.1: legacy IDE quirk: reg 0x1c: [io  0x0376]
[    0.415323] pci 0000:00:07.0: quirk: [io  0x4000-0x403f] claimed by PIIX4 ACPI
[    0.420064] pci 0000:00:07.0: quirk: [io  0x4100-0x410f] claimed by PIIX4 SMB
[    0.436811] ACPI: PCI Interrupt Link [LNKA] (IRQs 5 9 10 *11)
[    0.439287] ACPI: PCI Interrupt Link [LNKB] (IRQs 5 9 *10 11)
[    0.444267] ACPI: PCI Interrupt Link [LNKC] (IRQs 5 *9 10 11)
[    0.448297] ACPI: PCI Interrupt Link [LNKD] (IRQs 5 9 10 *11)
[    0.452807] SCSI subsystem initialized
[    0.456087] pci 0000:00:02.0: vgaarb: setting as boot VGA device
[    0.458132] pci 0000:00:02.0: vgaarb: VGA device added: decodes=io+mem,owns=io+mem,locks=none
[    0.460018] pci 0000:00:02.0: vgaarb: bridge control possible
[    0.464011] vgaarb: loaded
[    0.465432] ACPI: bus type USB registered
[    0.468072] usbcore: registered new interface driver usbfs
[    0.470376] usbcore: registered new interface driver hub
[    0.472040] usbcore: registered new device driver usb
[    0.476104] EDAC MC: Ver: 3.0.0
[    0.477933] PCI: Using ACPI for IRQ routing
[    0.478166] NetLabel: Initializing
[    0.484018] NetLabel:  domain hash size = 128
[    0.485806] NetLabel:  protocols = UNLABELED CIPSOv4 CALIPSO
[    0.488047] NetLabel:  unlabeled traffic allowed by default
[    0.492208] clocksource: Switched to clocksource kvm-clock
[    0.501188] VFS: Disk quotas dquot_6.6.0
[    0.501188] VFS: Dquot-cache hash table entries: 512 (order 0, 4096 bytes)
[    0.501188] AppArmor: AppArmor Filesystem Enabled
[    0.501188] pnp: PnP ACPI init
[    0.501188] pnp: PnP ACPI: found 3 devices
[    0.551345] clocksource: acpi_pm: mask: 0xffffff max_cycles: 0xffffff, max_idle_ns: 2085701024 ns
[    0.552318] NET: Registered protocol family 2
[    0.552318] IP idents hash table entries: 16384 (order: 5, 131072 bytes)
[    0.561953] TCP established hash table entries: 8192 (order: 4, 65536 bytes)
[    0.564617] TCP bind hash table entries: 8192 (order: 5, 131072 bytes)
[    0.567045] TCP: Hash tables configured (established 8192 bind 8192)
[    0.568564] UDP hash table entries: 512 (order: 2, 16384 bytes)
[    0.568564] UDP-Lite hash table entries: 512 (order: 2, 16384 bytes)
[    0.568564] NET: Registered protocol family 1
[    0.568564] pci 0000:00:00.0: Limiting direct PCI/PCI transfers
[    0.568564] pci 0000:00:01.0: Activating ISA DMA hang workarounds
[    0.568564] pci 0000:00:02.0: Video device with shadowed ROM at [mem 0x000c0000-0x000dffff]
[    0.568564] Unpacking initramfs...
[    1.108226] Freeing initrd memory: 19524K
[    1.110263] clocksource: tsc: mask: 0xffffffffffffffff max_cycles: 0x1fa1eebbc8a, max_idle_ns: 440795216133 ns
[    1.114026] platform rtc_cmos: registered platform RTC device (no PNP device found)
[    1.117029] Scanning for low memory corruption every 60 seconds
[    1.120530] Initialise system trusted keyrings
[    1.122271] Key type blacklist registered
[    1.124372] workingset: timestamp_bits=36 max_order=18 bucket_order=0
[    1.128224] zbud: loaded
[    1.130865] squashfs: version 4.0 (2009/01/31) Phillip Lougher
[    1.133660] fuse init (API version 7.26)
[    1.143204] Key type asymmetric registered
[    1.145439] Asymmetric key parser 'x509' registered
[    1.147885] Block layer SCSI generic (bsg) driver version 0.4 loaded (major 246)
[    1.160729] io scheduler noop registered
[    1.162712] io scheduler deadline registered
[    1.164864] io scheduler cfq registered (default)
[    1.168092] ACPI: AC Adapter [AC] (on-line)
[    1.170778] input: Power Button as /devices/LNXSYSTM:00/LNXPWRBN:00/input/input0
[    1.174680] ACPI: Power Button [PWRF]
[    1.176610] input: Sleep Button as /devices/LNXSYSTM:00/LNXSLPBN:00/input/input1
[    1.181108] ACPI: Sleep Button [SLPF]
[    1.185427] ACPI: Battery Slot [BAT0] (battery present)
[    1.186821] Serial: 8250/16550 driver, 32 ports, IRQ sharing enabled
[    1.216213] 00:02: ttyS0 at I/O 0x3f8 (irq = 4, base_baud = 115200) is a 16550A
[    1.234327] Linux agpgart interface v0.103
[    1.242473] loop: module loaded
[    1.245297] scsi host0: ata_piix
[    1.247168] scsi host1: ata_piix
[    1.248664] ata1: PATA max UDMA/33 cmd 0x1f0 ctl 0x3f6 bmdma 0xd000 irq 14
[    1.251144] ata2: PATA max UDMA/33 cmd 0x170 ctl 0x376 bmdma 0xd008 irq 15
[    1.254456] libphy: Fixed MDIO Bus: probed
[    1.256125] tun: Universal TUN/TAP device driver, 1.6
[    1.258418] PPP generic driver version 2.4.2
[    1.260536] ehci_hcd: USB 2.0 'Enhanced' Host Controller (EHCI) Driver
[    1.262998] ehci-pci: EHCI PCI platform driver
[    1.264847] ehci-platform: EHCI generic platform driver
[    1.266880] ohci_hcd: USB 1.1 'Open' Host Controller (OHCI) Driver
[    1.269228] ohci-pci: OHCI PCI platform driver
[    1.271145] ohci-platform: OHCI generic platform driver
[    1.273120] uhci_hcd: USB Universal Host Controller Interface driver
[    1.275614] i8042: PNP: PS/2 Controller [PNP0303:PS2K,PNP0f03:PS2M] at 0x60,0x64 irq 1,12
[    1.279496] serio: i8042 KBD port at 0x60,0x64 irq 1
[    1.281495] serio: i8042 AUX port at 0x60,0x64 irq 12
[    1.284193] mousedev: PS/2 mouse device common for all mice
[    1.288336] input: AT Translated Set 2 keyboard as /devices/platform/i8042/serio0/input/input2
[    1.292431] rtc_cmos rtc_cmos: rtc core: registered rtc_cmos as rtc0
[    1.294769] rtc_cmos rtc_cmos: alarms up to one day, 114 bytes nvram
[    1.297400] i2c /dev entries driver
[    1.298847] device-mapper: uevent: version 1.0.3
[    1.300886] device-mapper: ioctl: 4.37.0-ioctl (2017-09-20) initialised: dm-devel@redhat.com
[    1.304169] ledtrig-cpu: registered to indicate activity on CPUs
[    1.307388] NET: Registered protocol family 10
[    1.319730] Segment Routing with IPv6
[    1.321336] NET: Registered protocol family 17
[    1.323378] Key type dns_resolver registered
[    1.326128] mce: Using 0 MCE banks
[    1.327444] RAS: Correctable Errors collector initialized.
[    1.329656] sched_clock: Marking stable (1329569313, 0)->(1709201777, -379632464)
[    1.334488] registered taskstats version 1
[    1.336447] Loading compiled-in X.509 certificates
[    1.345250] Loaded X.509 cert 'Build time autogenerated kernel key: 1542c441293f32312405dc023a70312e7f0d3f0a'
[    1.350395] Loaded X.509 cert 'Canonical Ltd. Live Patch Signing: 14df34d1a87cf37625abec039ef2bf521249b969'
[    1.355729] Loaded X.509 cert 'Canonical Ltd. Kernel Module Signing: 88f752e560a1e0737e31163a466ad7b70a850c19'
[    1.359666] zswap: loaded using pool lzo/zbud
[    1.370947] Key type big_key registered
[    1.372603] Key type trusted registered
[    1.379071] Key type encrypted registered
[    1.380823] AppArmor: AppArmor sha1 policy hashing enabled
[    1.382760] ima: No TPM chip found, activating TPM-bypass! (rc=-19)
[    1.385039] ima: Allocated hash algorithm: sha1
[    1.387145] evm: HMAC attrs: 0x1
[    1.388952]   Magic number: 13:536:541
[    1.391298] rtc_cmos rtc_cmos: setting system clock to 2021-11-03 17:32:32 UTC (1635960752)
[    1.394994] BIOS EDD facility v0.16 2004-Jun-25, 0 devices found
[    1.397366] EDD information not available.
[    1.442609] Freeing unused kernel image memory: 2448K
[    1.448520] Write protecting the kernel read-only data: 20480k
[    1.452925] Freeing unused kernel image memory: 2008K
[    1.456119] Freeing unused kernel image memory: 1824K
[    1.471558] x86/mm: Checked W+X mappings: passed, no W+X pages found.
Loading, please wait...
starting version 237
[    1.626405] Fusion MPT base driver 3.04.20
[    1.628623] Copyright (c) 1999-2008 LSI Corporation
[    1.632898] e1000: Intel(R) PRO/1000 Network Driver - version 7.3.21-k8-NAPI
[    1.653358] e1000: Copyright (c) 1999-2006 Intel Corporation.
[    1.694954] Fusion MPT SPI Host driver 3.04.20
[    1.918396] input: ImExPS/2 Generic Explorer Mouse as /devices/platform/i8042/serio1/input/input4
[    2.171317] e1000 0000:00:03.0 eth0: (PCI:33MHz:32-bit) 02:ba:d0:7d:d1:53
[    2.175481] e1000 0000:00:03.0 eth0: Intel(R) PRO/1000 Network Connection
[    2.182376] mptbase: ioc0: Initiating bringup
[    2.183379] e1000 0000:00:03.0 enp0s3: renamed from eth0
[    2.285256] ioc0: LSI53C1030 A0: Capabilities={Initiator}
[    2.536947] scsi host2: ioc0: LSI53C1030 A0, FwRev=00000000h, Ports=1, MaxQ=256, IRQ=20
[    2.714650] scsi 2:0:0:0: Direct-Access     VBOX     HARDDISK         1.0  PQ: 0 ANSI: 5
[    2.752195] scsi target2:0:0: Beginning Domain Validation
[    2.764212] scsi target2:0:0: Domain Validation skipping write tests
[    2.771019] scsi target2:0:0: Ending Domain Validation
[    2.776526] scsi target2:0:0: asynchronous
[    2.780054] scsi 2:0:1:0: Direct-Access     VBOX     HARDDISK         1.0  PQ: 0 ANSI: 5
[    3.152492] scsi target2:0:1: Beginning Domain Validation
[    3.162163] random: fast init done
[    3.167281] scsi target2:0:1: Domain Validation skipping write tests
[    3.170751] scsi target2:0:1: Ending Domain Validation
[    3.173372] scsi target2:0:1: asynchronous
[    3.182564] sd 2:0:0:0: [sda] 83886080 512-byte logical blocks: (42.9 GB/40.0 GiB)
[    3.187567] sd 2:0:0:0: [sda] Write Protect is off
[    3.191946] random: systemd-udevd: uninitialized urandom read (16 bytes read)
[    3.192136] sd 2:0:0:0: Attached scsi generic sg0 type 0
[    3.196203] random: systemd-udevd: uninitialized urandom read (16 bytes read)
[    3.196208] random: systemd-udevd: uninitialized urandom read (16 bytes read)
[    3.197811] sd 2:0:0:0: [sda] Incomplete mode parameter data
[    3.197814] sd 2:0:0:0: [sda] Assuming drive cache: write through
[    3.213976] sd 2:0:1:0: [sdb] 20480 512-byte logical blocks: (10.5 MB/10.0 MiB)
[    3.214054] sd 2:0:1:0: Attached scsi generic sg1 type 0
[    3.217871] sd 2:0:1:0: [sdb] Write Protect is off
[    3.223704] sd 2:0:1:0: [sdb] Incomplete mode parameter data
[    3.226112] sd 2:0:1:0: [sdb] Assuming drive cache: write through
[    3.228890]  sda: sda1
[    3.232553] sd 2:0:0:0: [sda] Attached SCSI disk
[    3.236919] sd 2:0:1:0: [sdb] Attached SCSI disk
Begin: Loading essential drivers ... [    5.140336] raid6: sse2x1   gen()  2467 MB/s
[    5.188176] raid6: sse2x1   xor()  2065 MB/s
[    5.236301] raid6: sse2x2   gen()  2893 MB/s
[    5.285001] raid6: sse2x2   xor()  2719 MB/s
[    5.332761] raid6: sse2x4   gen()  3323 MB/s
[    5.380586] raid6: sse2x4   xor()  1862 MB/s
[    5.382272] raid6: using algorithm sse2x4 gen() 3323 MB/s
[    5.384325] raid6: .... xor() 1862 MB/s, rmw enabled
[    5.386111] raid6: using intx1 recovery algorithm
[    5.390624] xor: measuring software checksum speed
[    5.432325]    prefetch64-sse:  6400.000 MB/sec
[    5.472386]    generic_sse:  7559.000 MB/sec
[    5.474060] xor: using function: generic_sse (7559.000 MB/sec)
[    5.478799] async_tx: api initialized (async)
done.
Begin: Running /scripts/init-premount ... done.
Begin: Mounting root file system ... Begin: Running /scripts/local-top ... done.
Begin: Running /scripts/local-premount ... [    5.596803] Btrfs loaded, crc32c=crc32c-generic
Scanning for Btrfs filesystems
done.
Warning: fsck not present, so skipping root file system
[    5.692024] EXT4-fs (sda1): INFO: recovery required on readonly filesystem
[    5.695045] EXT4-fs (sda1): write access will be enabled during recovery
[    5.853517] EXT4-fs (sda1): recovery complete
[    5.856679] EXT4-fs (sda1): mounted filesystem with ordered data mode. Opts: (null)
done.
Begin: Running /scripts/local-bottom ... done.
Begin: Running /scripts/init-bottom ... done.
[    6.222444] ip_tables: (C) 2000-2006 Netfilter Core Team
[    6.245471] systemd[1]: systemd 237 running in system mode. (+PAM +AUDIT +SELINUX +IMA +APPARMOR +SMACK +SYSVINIT +UTMP +LIBCRYPTSETUP +GCRYPT +GNUTLS +ACL +XZ +LZ4 +SECCOMP +BLKID +ELFUTILS +KMOD -IDN2 +IDN -PCRE2 default-hierarchy=hybrid)
[    6.253010] systemd[1]: Detected virtualization oracle.
[    6.255096] systemd[1]: Detected architecture x86-64.

Welcome to [1mUbuntu 18.04.6 LTS[0m!

[    6.273805] systemd[1]: Set hostname to <ubuntu-bionic>.
[    6.902871] systemd[1]: Reached target System Time Synchronized.
[[0;32m  OK  [0m] Reached target System Time Synchronized.
[    6.910664] systemd[1]: Created slice System Slice.
[[0;32m  OK  [0m] Created slice System Slice.
[    6.914491] systemd[1]: Listening on LVM2 poll daemon socket.
[[0;32m  OK  [0m] Listening on LVM2 poll daemon socket.
[    6.918129] systemd[1]: Listening on /dev/initctl Compatibility Named Pipe.
[[0;32m  OK  [0m] Listening on /dev/initctl Compatibility Named Pipe.
[    6.923122] systemd[1]: Listening on Network Service Netlink Socket.
[[0;32m  OK  [0m] Listening on Network Service Netlink Socket.
[    6.940450] systemd[1]: Listening on Device-mapper event daemon FIFOs.
[[0;32m  OK  [0m] Listening on Device-mapper event daemon FIFOs.
[[0;32m  OK  [0m] Created slice system-serial\x2dgetty.slice.
[[0;32m  OK  [0m] Listening on udev Kernel Socket.
[[0;32m  OK  [0m] Listening on fsck to fsckd communication Socket.
[[0;32m  OK  [0m] Reached target Swap.
[[0;32m  OK  [0m] Started Forward Password Requests to Wall Directory Watch.
[[0;32m  OK  [0m] Set up automount Arbitrary Executab…rmats File System Automount Point.
[[0;32m  OK  [0m] Listening on LVM2 metadata daemon socket.
[[0;32m  OK  [0m] Listening on Journal Socket (/dev/log).
[[0;32m  OK  [0m] Created slice User and Session Slice.
[[0;32m  OK  [0m] Reached target Slices.
[[0;32m  OK  [0m] Reached target User and Group Name Lookups.
[[0;32m  OK  [0m] Listening on Journal Socket.
         Starting Uncomplicated firewall...
         Starting Set the console keyboard layout...
         Starting Load Kernel Modules...
         Mounting POSIX Message Queue File System...
         Starting Create list of required st…ce nodes for the current kernel...
[    7.053232] Loading iSCSI transport class v2.0-870.
         Mounting Huge Pages File System...
         Starting Monitoring of LVM2 mirrors…ng dmeventd or progress polling...
[[0;32m  OK  [0m] Listening on Syslog Socket.
[[0;32m  OK  [0m] Listening on Journal Audit Socket.
         Starting File System Check on Root Device...
[    7.104610] iscsi: registered transport (tcp)
[[0;32m  OK  [0m] Listening on udev Control Socket.
         Starting udev Coldplug all Devices...
         Starting Journal Service...
         Mounting Kernel Debug File System...
[[0;32m  OK  [0m] Started Uncomplicated firewall.
[[0;32m  OK  [0m] Mounted POSIX Message Queue File System.
[[0;32m  OK  [0m] Started Create list of required sta…vice nodes for the current kernel.
[[0;32m  OK  [0m] Mounted Huge Pages File System.
[[0;32m  OK  [0m] Mounted Kernel Debug File System.
[[0;32m  OK  [0m] Started File System Check Daemon to report status.
         Starting Create Static Device Nodes in /dev...
[[0;32m  OK  [0m] Started LVM2 metadata daemon.
[[0;32m  OK  [0m] Started udev Coldplug all Devices.
[[0;32m  OK  [0m] Started Journal Service.
[[0;32m  OK  [0m] Started File System Check on Root Device.
         Starting Remount Root and Kernel File Systems...
[[0;32m  OK  [0m] Started Create Static Device Nodes in /dev.
[[0;32m  OK  [0m] Started Monitoring of LVM2 mirrors,…sing dmeventd or progress polling.
[    7.462051] iscsi: registered transport (iser)
[[0;32m  OK  [0m] Started Load Kernel Modules.
         Mounting FUSE Control File System...
         Mounting Kernel Configuration File System...
         Starting Apply K[    7.498807] EXT4-fs (sda1): re-mounted. Opts: (null)
ernel Variables...
[[0;32m  OK  [0m] Mounted Kernel Configuration File System.
[[0;32m  OK  [0m] Started Remount Root and Kernel File Systems.
[[0;32m  OK  [0m] Mounted FUSE Control File System.
         Starting Load/Save Random Seed...
         Starting Flush Journal to Persistent Storage...
         Starting udev Kernel Device Manager...
[[0;32m  OK  [0m] Started Load/Save Random Seed.
[    7.575280] systemd-journald[387]: Received request to flush runtime journal from PID 1
[[0;32m  OK  [0m] Started udev Kernel Device Manager.
[[0;32m  OK  [0m] Started Apply Kernel Variables.
[[0;32m  OK  [0m] Started Flush Journal to Persistent Storage.
[[0;32m  OK  [0m] Found device /dev/ttyS0.
[[0;32m  OK  [0m] Listening on Load/Save RF Kill Switch Status /dev/rfkill Watch.
[[0;32m  OK  [0m] Started Set the console keyboard layout.
[[0;32m  OK  [0m] Started Dispatch Password Requests to Console Directory Watch.
[[0;32m  OK  [0m] Reached target Local Encrypted Volumes.
[[0;32m  OK  [0m] Reached target Local File Systems (Pre).
[[0;32m  OK  [0m] Reached target Local File Systems.
         Starting AppArmor initialization...
         Starting Tell Plymouth To Write Out Runtime Data...
         Starting Create Volatile Files and Directories...
         Starting ebtables ruleset management...
         Starting Set console font and keymap...
[[0;32m  OK  [0m] Started Tell Plymouth To Write Out Runtime Data.
[[0;32m  OK  [0m] Started Set console font and keymap.
[[0;32m  OK  [0m] Started Create Volatile Files and Directories.
         Starting Update UTMP about System Boot/Shutdown...
[[0;32m  OK  [0m] Started Update UTMP about System Boot/Shutdown.
[[0;32m  OK  [0m] Started ebtables ruleset management.
[[0;32m  OK  [0m] Started AppArmor initialization.
         Starting Load AppArmor profiles managed internally by snapd...
         Starting Initial cloud-init job (pre-networking)...
[[0;32m  OK  [0m] Started Load AppArmor profiles managed internally by snapd.
[   14.385895] cloud-init[633]: Cloud-init v. 21.3-1-g6803368d-0ubuntu1~18.04.4 running 'init-local' at Wed, 03 Nov 2021 17:32:44 +0000. Up 13.88 seconds.
[[0;32m  OK  [0m] Started Initial cloud-init job (pre-networking).
[[0;32m  OK  [0m] Reached target Network (Pre).
         Starting Network Service...
[[0;32m  OK  [0m] Started Network Service.
         Starting Network Name Resolution...
         Starting Wait for Network to be Configured...
[[0;32m  OK  [0m] Started Network Name Resolution.
[[0;32m  OK  [0m] Reached target Host and Network Name Lookups.
[[0;32m  OK  [0m] Reached target Network.
[[0;32m  OK  [0m] Started Wait for Network to be Configured.
         Starting Initial cloud-init job (metadata service crawler)...
[   17.696654] cloud-init[719]: Cloud-init v. 21.3-1-g6803368d-0ubuntu1~18.04.4 running 'init' at Wed, 03 Nov 2021 17:32:48 +0000. Up 17.33 seconds.
[   17.716950] cloud-init[719]: ci-info: ++++++++++++++++++++++++++++++++++++++Net device info++++++++++++++++++++++++++++++++++++++
[   17.722907] cloud-init[719]: ci-info: +--------+------+----------------------------+---------------+--------+-------------------+
[   17.736475] cloud-init[719]: ci-info: | Device |  Up  |          Address           |      Mask     | Scope  |     Hw-Address    |
[   17.740845] cloud-init[719]: ci-info: +--------+------+----------------------------+---------------+--------+-------------------+
[   17.746469] cloud-init[719]: ci-info: | enp0s3 | True |         10.0.2.15          | 255.255.255.0 | global | 02:ba:d0:7d:d1:53 |
[   17.753346] cloud-init[719]: ci-info: | enp0s3 | True | fe80::ba:d0ff:fe7d:d153/64 |       .       |  link  | 02:ba:d0:7d:d1:53 |
[   17.768786] cloud-init[719]: ci-info: |   lo   | True |         127.0.0.1          |   255.0.0.0   |  host  |         .         |
[   17.774259] cloud-init[719]: ci-info: |   lo   | True |          ::1/128           |       .       |  host  |         .         |
[   17.780584] cloud-init[719]: ci-info: +--------+------+----------------------------+---------------+--------+-------------------+
[   17.797080] cloud-init[719]: ci-info: ++++++++++++++++++++++++++++Route IPv4 info+++++++++++++++++++++++++++++
[   17.812643] cloud-init[719]: ci-info: +-------+-------------+----------+-----------------+-----------+-------+
[   17.815846] cloud-init[719]: ci-info: | Route | Destination | Gateway  |     Genmask     | Interface | Flags |
[   17.818366] cloud-init[719]: ci-info: +-------+-------------+----------+-----------------+-----------+-------+
[   17.833153] cloud-init[719]: ci-info: |   0   |   0.0.0.0   | 10.0.2.2 |     0.0.0.0     |   enp0s3  |   UG  |
[   17.837848] cloud-init[719]: ci-info: |   1   |   10.0.2.0  | 0.0.0.0  |  255.255.255.0  |   enp0s3  |   U   |
[   17.856595] cloud-init[719]: ci-info: |   2   |   10.0.2.2  | 0.0.0.0  | 255.255.255.255 |   enp0s3  |   UH  |
[   17.860437] cloud-init[719]: ci-info: +-------+-------------+----------+-----------------+-----------+-------+
[   17.864171] cloud-init[719]: ci-info: +++++++++++++++++++Route IPv6 info+++++++++++++++++++
[   17.869489] cloud-init[719]: ci-info: +-------+-------------+---------+-----------+-------+
[   17.873922] cloud-init[719]: ci-info: | Route | Destination | Gateway | Interface | Flags |
[   17.880009] cloud-init[719]: ci-info: +-------+-------------+---------+-----------+-------+
[   17.883896] cloud-init[719]: ci-info: |   1   |  fe80::/64  |    ::   |   enp0s3  |   U   |
[   17.888116] cloud-init[719]: ci-info: |   3   |    local    |    ::   |   enp0s3  |   U   |
[   17.891988] cloud-init[719]: ci-info: |   4   |   ff00::/8  |    ::   |   enp0s3  |   U   |
[   17.896493] cloud-init[719]: ci-info: +-------+-------------+---------+-----------+-------+
[[0;32m  OK  [0m] Started Initial cloud-init job (metadata service crawler).
[[0;32m  OK  [0m] Reached target Network is Online.
         Starting Availability of block devices...
[[0;32m  OK  [0m] Reached target Remote File Systems (Pre).
         Mounting /vagrant...
[[0;32m  OK  [0m] Reached target Cloud-config availability.
[[0;32m  OK  [0m] Reached target System Initialization.
[[0;32m  OK  [0m] Started Discard unused blocks once a week.
[[0;32m  OK  [0m] Listening on D-Bus System Message Bus Socket.
[[0;32m  OK  [0m] Listening on ACPID Listen Socket.
         Starting LXD - unix socket.
         Starting Socket activation for snappy daemon.
[[0;32m  OK  [0m] Started Ubuntu Advantage update messaging.
[[0;32m  OK  [0m] Started Daily Cleanup of Temporary Directories.
[[0;32m  OK  [0m] Listening on UUID daemon activation socket.
[[0;32m  OK  [0m] Started Message of the Day.
[[0;32m  OK  [0m] Listening on Open-iSCSI iscsid Socket.
[[0;32m  OK  [0m] Started Daily apt upgrade and clean activities.
[[0;32m  OK  [0m] Reached target Timers.
[[0;32m  OK  [0m] Listening on cloud-init hotplug hook socket.
[[0;32m  OK  [0m] Started ACPI Events Check.
[[0;32m  OK  [0m] Reached target Paths.
[[0;32m  OK  [0m] Started Availability of block devices.
[[0;32m  OK  [0m] Mounted /vagrant.
[[0;32m  OK  [0m] Listening on LXD - unix socket.
[[0;32m  OK  [0m] Listening on Socket activation for snappy daemon.
[[0;32m  OK  [0m] Reached target Sockets.
[[0;32m  OK  [0m] Reached target Basic System.
         Starting OpenBSD Secure Shell server...
[[0;32m  OK  [0m] Started Regular background program processing daemon.
[[0;32m  OK  [0m] Started irqbalance daemon.
[[0;32m  OK  [0m] Started Deferred execution scheduler.
         Starting LXD - container startup/shutdown...
[[0;32m  OK  [0m] Started FUSE filesystem for LXC.
         Starting Dispatcher daemon for systemd-networkd...
         Starting System Logging Service...
         Starting LSB: Record successful boot for GRUB...
         Starting Ubuntu Advantage APT and MOTD Messages...
         Starting Login Service...
[[0;32m  OK  [0m] Started D-Bus System Message Bus.
         Starting Accounts Service...
         Starting Snap Daemon...
         Starting Virtualbox guest utils...
[[0;32m  OK  [0m] Reached target Remote File Systems.
         Starting Permit User Sessions...
         Starting LSB: automatic crash report generation...
[[0;32m  OK  [0m] Started System Logging Service.
[[0;32m  OK  [0m] Started Login Service.
[[0;32m  OK  [0m] Started Unattended Upgrades Shutdown.
[[0;32m  OK  [0m] Started OpenBSD Secure Shell server.
[[0;32m  OK  [0m] Started Permit User Sessions.
         Starting Terminate Plymouth Boot Screen...
         Starting Hold until boot process finishes up...
[[0;32m  OK  [0m] Started Terminate Plymouth Boot Screen.
[[0;32m  OK  [0m] Started Hold until boot process finishes up.
[[0;32m  OK  [0m] Started Serial Getty on ttyS0.
         Starting Set console scheme...
         Starting Authorization Manager...
[[0;32m  OK  [0m] Started LXD - container startup/shutdown.
[[0;32m  OK  [0m] Started Set console scheme.
[[0;32m  OK  [0m] Created slice system-getty.slice.
[[0;32m  OK  [0m] Started Getty on tty1.
[[0;32m  OK  [0m] Reached target Login Prompts.
[[0;32m  OK  [0m] Started Authorization Manager.
[[0;32m  OK  [0m] Started LSB: Record successful boot for GRUB.
[[0;32m  OK  [0m] Started Accounts Service.
[[0;32m  OK  [0m] Started LSB: automatic crash report generation.
[[0;32m  OK  [0m] Started Virtualbox guest utils.
[[0;32m  OK  [0m] Started Dispatcher daemon for systemd-networkd.
[[0;32m  OK  [0m] Created slice User Slice of vagrant.
[[0;32m  OK  [0m] Started Session 1 of user vagrant.
         Starting User Manager for UID 1000...
[[0;32m  OK  [0m] Started User Manager for UID 1000.
[[0;32m  OK  [0m] Started Snap Daemon.
         Starting Wait until snapd is fully seeded...
[[0;32m  OK  [0m] Started Wait until snapd is fully seeded.
         Starting Apply the settings specified in cloud-config...
[[0;32m  OK  [0m] Reached target Multi-User System.
[[0;32m  OK  [0m] Reached target Graphical Interface.
         Starting Update UTMP about System Runlevel Changes...
[[0;32m  OK  [0m] Started Update UTMP about System Runlevel Changes.
[[0;32m  OK  [0m] Started Ubuntu Advantage APT and MOTD Messages.
[   24.059834] cloud-init[1128]: Cloud-init v. 21.3-1-g6803368d-0ubuntu1~18.04.4 running 'modules:config' at Wed, 03 Nov 2021 17:32:54 +0000. Up 23.78 seconds.
[[0;32m  OK  [0m] Started Apply the settings specified in cloud-config.
         Starting Execute cloud user/final scripts...

Ubuntu 18.04.6 LTS ubuntu-bionic ttyS0

ubuntu-bionic login: [   25.810774] cloud-init[1244]: Cloud-init v. 21.3-1-g6803368d-0ubuntu1~18.04.4 running 'modules:final' at Wed, 03 Nov 2021 17:32:56 +0000. Up 25.50 seconds.
[   25.811799] cloud-init[1244]: Cloud-init v. 21.3-1-g6803368d-0ubuntu1~18.04.4 finished at Wed, 03 Nov 2021 17:32:56 +0000. Datasource DataSourceNoCloud [seed=/dev/sdb][dsmode=net].  Up 25.78 seconds
